2023-09-08 18:54:19,600 [INFO] Activator:176 - 


2023-09-08 18:54:19,602 [INFO] Activator:177 - !SESSION log4j initialized
2023-09-08 18:54:21,521 [INFO] LogOutputStream:77 - [STDOUT_REDIRECT] 
2023-09-08 18:54:23,315 [INFO] ApplicationProperties:184 - Using Application install path: C:\ST\STM32CubeIDE_1.13.1\STM32CubeIDE\plugins\com.st.stm32cube.common.mx_6.9.1.202307191849
2023-09-08 18:54:23,330 [INFO] DbMcusXml:78 - Set database path to: C:\ST\STM32CubeIDE_1.13.1\STM32CubeIDE\plugins\com.st.stm32cube.common.mx_6.9.1.202307191849\\db\/mcu/
2023-09-08 18:54:23,330 [INFO] ApiDb:274 - Set plugin database path to: C:\ST\STM32CubeIDE_1.13.1\STM32CubeIDE\plugins\com.st.stm32cube.common.mx_6.9.1.202307191849\\db\/plugins/boardmanager/
2023-09-08 18:54:23,331 [WARN] ApiDb:259 - Overriding images path with different value:  => C:\ST\STM32CubeIDE_1.13.1\STM32CubeIDE\plugins\com.st.stm32cube.common.mx_6.9.1.202307191849\\db\/plugins/mcufinder/images/
2023-09-08 18:54:23,337 [INFO] ApiDb:250 - Set database path to: C:\Users\DG\.stmcufinder\plugins\mcufinder//mcu/
2023-09-08 18:54:23,338 [INFO] DbMcusAds:125 - Set database path to: C:\Users\DG\.stmcufinder\plugins\mcufinder//mcu/
2023-09-08 18:54:23,340 [INFO] CrossReferenceDbSqlite:203 - Set database path to: C:\Users\DG\.stmcufinder\plugins\mcufinder//mcu/cs/
2023-09-08 18:54:23,426 [INFO] RulesReader:64 - Compatibility file has been processed (293 Rules)
2023-09-08 18:54:23,484 [INFO] DbMcusXml:78 - Set database path to: C:\ST\STM32CubeIDE_1.13.1\STM32CubeIDE\plugins\com.st.stm32cube.common.mx_6.9.1.202307191849\\db\/mcu/
2023-09-08 18:54:23,485 [INFO] ApiDb:274 - Set plugin database path to: C:\ST\STM32CubeIDE_1.13.1\STM32CubeIDE\plugins\com.st.stm32cube.common.mx_6.9.1.202307191849\\db\/plugins/boardmanager/
2023-09-08 18:54:23,485 [INFO] ApiDb:261 - Set plugin images path to: C:\ST\STM32CubeIDE_1.13.1\STM32CubeIDE\plugins\com.st.stm32cube.common.mx_6.9.1.202307191849\\db\/plugins/mcufinder/images/
2023-09-08 18:54:23,485 [WARN] DbFile:41 - Overriding database path with different value: C:\Users\DG\.stmcufinder\plugins\mcufinder/ => C:\Users\DG\.stmcufinder\plugins\mcufinder
2023-09-08 18:54:23,485 [INFO] ApiDb:250 - Set database path to: C:\Users\DG\.stmcufinder\plugins\mcufinder//mcu/
2023-09-08 18:54:23,485 [WARN] DbFile:41 - Overriding database path with different value: C:\Users\DG\.stmcufinder\plugins\mcufinder/ => C:\Users\DG\.stmcufinder\plugins\mcufinder
2023-09-08 18:54:23,485 [INFO] DbMcusAds:125 - Set database path to: C:\Users\DG\.stmcufinder\plugins\mcufinder//mcu/
2023-09-08 18:54:23,485 [WARN] DbFile:41 - Overriding database path with different value: C:\Users\DG\.stmcufinder\plugins\mcufinder/ => C:\Users\DG\.stmcufinder\plugins\mcufinder
2023-09-08 18:54:23,485 [WARN] DbFile:41 - Overriding database path with different value: C:\Users\DG\.stmcufinder\plugins\mcufinder/ => C:\Users\DG\.stmcufinder\plugins\mcufinder
2023-09-08 18:54:23,485 [INFO] CrossReferenceDbSqlite:203 - Set database path to: C:\Users\DG\.stmcufinder\plugins\mcufinder//mcu/cs/
2023-09-08 18:54:23,537 [INFO] MainPanel:262 - HeapMemory: 268435456
2023-09-08 18:54:23,583 [INFO] DbMcusXml:78 - Set database path to: C:\ST\STM32CubeIDE_1.13.1\STM32CubeIDE\plugins\com.st.stm32cube.common.mx_6.9.1.202307191849\\db\/mcu/
2023-09-08 18:54:23,583 [INFO] ApiDb:274 - Set plugin database path to: C:\ST\STM32CubeIDE_1.13.1\STM32CubeIDE\plugins\com.st.stm32cube.common.mx_6.9.1.202307191849\\db\/plugins/boardmanager/
2023-09-08 18:54:23,583 [INFO] ApiDb:261 - Set plugin images path to: C:\ST\STM32CubeIDE_1.13.1\STM32CubeIDE\plugins\com.st.stm32cube.common.mx_6.9.1.202307191849\\db\/plugins/mcufinder/images/
2023-09-08 18:54:23,584 [WARN] DbFile:41 - Overriding database path with different value: C:\Users\DG\.stmcufinder\plugins\mcufinder/ => C:\Users\DG\.stmcufinder\plugins\mcufinder
2023-09-08 18:54:23,584 [INFO] ApiDb:250 - Set database path to: C:\Users\DG\.stmcufinder\plugins\mcufinder//mcu/
2023-09-08 18:54:23,584 [WARN] DbFile:41 - Overriding database path with different value: C:\Users\DG\.stmcufinder\plugins\mcufinder/ => C:\Users\DG\.stmcufinder\plugins\mcufinder
2023-09-08 18:54:23,584 [INFO] DbMcusAds:125 - Set database path to: C:\Users\DG\.stmcufinder\plugins\mcufinder//mcu/
2023-09-08 18:54:23,584 [WARN] DbFile:41 - Overriding database path with different value: C:\Users\DG\.stmcufinder\plugins\mcufinder/ => C:\Users\DG\.stmcufinder\plugins\mcufinder
2023-09-08 18:54:23,584 [WARN] DbFile:41 - Overriding database path with different value: C:\Users\DG\.stmcufinder\plugins\mcufinder/ => C:\Users\DG\.stmcufinder\plugins\mcufinder
2023-09-08 18:54:23,584 [INFO] CrossReferenceDbSqlite:203 - Set database path to: C:\Users\DG\.stmcufinder\plugins\mcufinder//mcu/cs/
2023-09-08 18:54:23,595 [INFO] ApplicationProperties:184 - Using Application install path: C:\ST\STM32CubeIDE_1.13.1\STM32CubeIDE\plugins\com.st.stm32cube.common.mx_6.9.1.202307191849
2023-09-08 18:54:23,596 [INFO] PluginManage:196 - Search for loadable plugins [exclusion list=, ]
2023-09-08 18:54:23,597 [INFO] PluginManage:310 - Check plugin analytics
2023-09-08 18:54:23,734 [INFO] AnalyticsPlugin:253 - Accepted Software Licenses: 
2023-09-08 18:54:23,735 [INFO] AnalyticsPlugin:255 - Accepted CMSIS Pack Licenses: 
2023-09-08 18:54:23,735 [INFO] AnalyticsPlugin:257 - Accepted Firmware Licenses: 
2023-09-08 18:54:23,737 [INFO] PluginManage:359 - Loaded plugin analytics (category:tool,tabindex:-1)
2023-09-08 18:54:23,737 [INFO] PluginManage:310 - Check plugin cadmodel
2023-09-08 18:54:23,741 [INFO] CADModel:105 - Init CAD model plugin
2023-09-08 18:54:23,741 [INFO] PluginManage:359 - Loaded plugin cadmodel (category:power,tabindex:5)
2023-09-08 18:54:23,741 [INFO] PluginManage:310 - Check plugin clock
2023-09-08 18:54:23,747 [INFO] PluginManage:359 - Loaded plugin clock (category:base,tabindex:2)
2023-09-08 18:54:23,747 [INFO] PluginManage:310 - Check plugin ddr
2023-09-08 18:54:23,750 [INFO] PluginManage:359 - Loaded plugin ddr (category:tool,tabindex:6)
2023-09-08 18:54:23,750 [INFO] PluginManage:310 - Check plugin filemanager
2023-09-08 18:54:23,848 [INFO] PluginManage:359 - Loaded plugin filemanager (category:base,tabindex:10)
2023-09-08 18:54:23,848 [INFO] PluginManage:310 - Check plugin ipmanager
2023-09-08 18:54:23,853 [INFO] PluginManage:359 - Loaded plugin ipmanager (category:base,tabindex:5)
2023-09-08 18:54:23,853 [INFO] PluginManage:310 - Check plugin lpbam
2023-09-08 18:54:23,860 [INFO] PluginManage:359 - Loaded plugin lpbam (category:base,tabindex:0)
2023-09-08 18:54:23,861 [INFO] PluginManage:310 - Check plugin memorymap
2023-09-08 18:54:23,869 [INFO] PluginManage:359 - Loaded plugin memorymap (category:base,tabindex:4)
2023-09-08 18:54:23,869 [INFO] PluginManage:310 - Check plugin pinoutandconfiguration
2023-09-08 18:54:23,876 [INFO] PluginManage:359 - Loaded plugin pinoutandconfiguration (category:base,tabindex:1)
2023-09-08 18:54:23,876 [INFO] PluginManage:310 - Check plugin pinoutconfig
2023-09-08 18:54:23,941 [WARN] SupportedApi:132 - Cannot load RTOS API schema: s4s-elt-must-match.1: The content of 'definitions' must match (annotation?, (simpleType | complexType)?, (unique | key | keyref)*)). A problem was found starting at: attribute.
2023-09-08 18:54:24,062 [INFO] PluginManage:359 - Loaded plugin pinoutconfig (category:base,tabindex:0)
2023-09-08 18:54:24,063 [INFO] PluginManage:310 - Check plugin power
2023-09-08 18:54:24,068 [INFO] PluginManage:359 - Loaded plugin power (category:power,tabindex:4)
2023-09-08 18:54:24,068 [INFO] PluginManage:310 - Check plugin projectmanager
2023-09-08 18:54:24,077 [INFO] PluginManage:359 - Loaded plugin projectmanager (category:projectmanager,tabindex:3)
2023-09-08 18:54:24,077 [INFO] PluginManage:310 - Check plugin thirdparty
2023-09-08 18:54:24,163 [INFO] PluginManage:359 - Loaded plugin thirdparty (category:base,tabindex:-1)
2023-09-08 18:54:24,163 [WARN] IntegrityCheckThread:84 - waiting for thirdparty lock release [integrity check]
2023-09-08 18:54:24,163 [INFO] PluginManage:310 - Check plugin tools
2023-09-08 18:54:24,163 [INFO] IntegrityCheckThread:86 - entering critical section [integrity check]
2023-09-08 18:54:24,164 [INFO] ThirdPartyUpdaterWithRetryManager:70 - Updater plugin not ready yet. [1/15]
2023-09-08 18:54:24,165 [INFO] PluginManage:359 - Loaded plugin tools (category:base,tabindex:7)
2023-09-08 18:54:24,165 [INFO] PluginManage:310 - Check plugin tutovideos
2023-09-08 18:54:24,286 [INFO] PluginManage:359 - Loaded plugin tutovideos (category:base,tabindex:-1)
2023-09-08 18:54:24,286 [INFO] PluginManage:310 - Check plugin updater
2023-09-08 18:54:24,294 [INFO] PluginManage:359 - Loaded plugin updater (category:base,tabindex:12)
2023-09-08 18:54:24,295 [INFO] PluginManage:310 - Check plugin userauth
2023-09-08 18:54:24,298 [INFO] UserAuth:113 - Init User Auth plugin
2023-09-08 18:54:24,298 [INFO] PluginManage:359 - Loaded plugin userauth (category:base,tabindex:14)
2023-09-08 18:54:24,298 [INFO] PluginManage:283 - PluginManage : Loaded plugins [17]
2023-09-08 18:54:24,442 [INFO] PinOutPanel:1499 - setPackage(No Configuration,No Configuration)
2023-09-08 18:54:24,515 [INFO] CADModel:165 - CPN selected for project level
2023-09-08 18:54:24,516 [INFO] CADModel:114 - Register for checkConnection events
2023-09-08 18:54:24,527 [INFO] IPUIPlugin:80 - create IPUIPlugin
2023-09-08 18:54:24,527 [INFO] PluginManager:220 - loadIPPluginJar : add adc
2023-09-08 18:54:24,529 [INFO] IPUIPlugin:80 - create IPUIPlugin
2023-09-08 18:54:24,529 [INFO] PluginManager:220 - loadIPPluginJar : add aes
2023-09-08 18:54:24,531 [INFO] IPUIPlugin:80 - create IPUIPlugin
2023-09-08 18:54:24,531 [INFO] PluginManager:220 - loadIPPluginJar : add can
2023-09-08 18:54:24,533 [INFO] IPUIPlugin:80 - create IPUIPlugin
2023-09-08 18:54:24,533 [INFO] PluginManager:220 - loadIPPluginJar : add comp
2023-09-08 18:54:24,534 [INFO] IPUIPlugin:80 - create IPUIPlugin
2023-09-08 18:54:24,535 [INFO] PluginManager:220 - loadIPPluginJar : add cryp
2023-09-08 18:54:24,537 [INFO] IPUIPlugin:80 - create IPUIPlugin
2023-09-08 18:54:24,537 [INFO] PluginManager:220 - loadIPPluginJar : add dfsdm
2023-09-08 18:54:24,541 [INFO] IPUIPlugin:80 - create IPUIPlugin
2023-09-08 18:54:24,542 [INFO] PluginManager:220 - loadIPPluginJar : add dma
2023-09-08 18:54:24,543 [INFO] IPUIPlugin:80 - create IPUIPlugin
2023-09-08 18:54:24,543 [INFO] PluginManager:220 - loadIPPluginJar : add dma3
2023-09-08 18:54:24,544 [INFO] IPUIPlugin:80 - create IPUIPlugin
2023-09-08 18:54:24,545 [INFO] PluginManager:220 - loadIPPluginJar : add fatfs
2023-09-08 18:54:24,548 [INFO] IPUIPlugin:80 - create IPUIPlugin
2023-09-08 18:54:24,548 [INFO] PluginManager:220 - loadIPPluginJar : add fmc
2023-09-08 18:54:24,551 [INFO] IPUIPlugin:80 - create IPUIPlugin
2023-09-08 18:54:24,552 [INFO] PluginManager:220 - loadIPPluginJar : add freertos
2023-09-08 18:54:24,553 [INFO] IPUIPlugin:80 - create IPUIPlugin
2023-09-08 18:54:24,553 [INFO] PluginManager:220 - loadIPPluginJar : add genericplugin
2023-09-08 18:54:24,554 [INFO] IPUIPlugin:80 - create IPUIPlugin
2023-09-08 18:54:24,554 [INFO] PluginManager:220 - loadIPPluginJar : add gfxmmu
2023-09-08 18:54:24,557 [INFO] IPUIPlugin:80 - create IPUIPlugin
2023-09-08 18:54:24,557 [INFO] PluginManager:220 - loadIPPluginJar : add gic
2023-09-08 18:54:24,560 [INFO] IPUIPlugin:80 - create IPUIPlugin
2023-09-08 18:54:24,560 [INFO] PluginManager:220 - loadIPPluginJar : add gpio
2023-09-08 18:54:24,562 [INFO] IPUIPlugin:80 - create IPUIPlugin
2023-09-08 18:54:24,562 [INFO] PluginManager:220 - loadIPPluginJar : add gtzc
2023-09-08 18:54:24,563 [INFO] IPUIPlugin:80 - create IPUIPlugin
2023-09-08 18:54:24,563 [INFO] PluginManager:220 - loadIPPluginJar : add hash
2023-09-08 18:54:24,565 [INFO] IPUIPlugin:80 - create IPUIPlugin
2023-09-08 18:54:24,565 [INFO] PluginManager:220 - loadIPPluginJar : add i2c
2023-09-08 18:54:24,567 [INFO] IPUIPlugin:80 - create IPUIPlugin
2023-09-08 18:54:24,567 [INFO] PluginManager:220 - loadIPPluginJar : add i2s
2023-09-08 18:54:24,569 [INFO] IPUIPlugin:80 - create IPUIPlugin
2023-09-08 18:54:24,569 [INFO] PluginManager:220 - loadIPPluginJar : add i3c
2023-09-08 18:54:24,570 [INFO] IPUIPlugin:80 - create IPUIPlugin
2023-09-08 18:54:24,570 [INFO] PluginManager:220 - loadIPPluginJar : add ipddr
2023-09-08 18:54:24,575 [INFO] IPUIPlugin:80 - create IPUIPlugin
2023-09-08 18:54:24,575 [INFO] PluginManager:220 - loadIPPluginJar : add linkedlist
2023-09-08 18:54:24,578 [INFO] IPUIPlugin:80 - create IPUIPlugin
2023-09-08 18:54:24,578 [INFO] PluginManager:220 - loadIPPluginJar : add lorawan
2023-09-08 18:54:24,579 [INFO] IPUIPlugin:80 - create IPUIPlugin
2023-09-08 18:54:24,579 [INFO] PluginManager:220 - loadIPPluginJar : add ltdc
2023-09-08 18:54:24,583 [INFO] IPUIPlugin:80 - create IPUIPlugin
2023-09-08 18:54:24,583 [INFO] PluginManager:220 - loadIPPluginJar : add mdma
2023-09-08 18:54:24,586 [INFO] IPUIPlugin:80 - create IPUIPlugin
2023-09-08 18:54:24,586 [INFO] PluginManager:220 - loadIPPluginJar : add nvic
2023-09-08 18:54:24,588 [INFO] IPUIPlugin:80 - create IPUIPlugin
2023-09-08 18:54:24,588 [INFO] PluginManager:220 - loadIPPluginJar : add opamp
2023-09-08 18:54:24,590 [INFO] IPUIPlugin:80 - create IPUIPlugin
2023-09-08 18:54:24,590 [INFO] PluginManager:220 - loadIPPluginJar : add openamp
2023-09-08 18:54:24,592 [INFO] IPUIPlugin:80 - create IPUIPlugin
2023-09-08 18:54:24,593 [INFO] PluginManager:220 - loadIPPluginJar : add pdm2pcm
2023-09-08 18:54:24,597 [INFO] IPUIPlugin:80 - create IPUIPlugin
2023-09-08 18:54:24,598 [INFO] PluginManager:220 - loadIPPluginJar : add plateformsettings
2023-09-08 18:54:24,600 [INFO] IPUIPlugin:80 - create IPUIPlugin
2023-09-08 18:54:24,600 [INFO] PluginManager:220 - loadIPPluginJar : add quadspi
2023-09-08 18:54:24,602 [INFO] IPUIPlugin:80 - create IPUIPlugin
2023-09-08 18:54:24,602 [INFO] PluginManager:220 - loadIPPluginJar : add resmgrutility
2023-09-08 18:54:24,604 [INFO] IPUIPlugin:80 - create IPUIPlugin
2023-09-08 18:54:24,604 [INFO] PluginManager:220 - loadIPPluginJar : add sai
2023-09-08 18:54:24,606 [INFO] IPUIPlugin:80 - create IPUIPlugin
2023-09-08 18:54:24,606 [INFO] PluginManager:220 - loadIPPluginJar : add spi
2023-09-08 18:54:24,610 [INFO] IPUIPlugin:80 - create IPUIPlugin
2023-09-08 18:54:24,610 [INFO] PluginManager:220 - loadIPPluginJar : add stm32_wpan
2023-09-08 18:54:24,612 [INFO] IPUIPlugin:80 - create IPUIPlugin
2023-09-08 18:54:24,612 [INFO] PluginManager:220 - loadIPPluginJar : add tim
2023-09-08 18:54:24,614 [INFO] IPUIPlugin:80 - create IPUIPlugin
2023-09-08 18:54:24,614 [INFO] PluginManager:220 - loadIPPluginJar : add touchsensing
2023-09-08 18:54:24,615 [INFO] IPUIPlugin:80 - create IPUIPlugin
2023-09-08 18:54:24,615 [INFO] PluginManager:220 - loadIPPluginJar : add tracer_emb
2023-09-08 18:54:24,617 [INFO] IPUIPlugin:80 - create IPUIPlugin
2023-09-08 18:54:24,617 [INFO] PluginManager:220 - loadIPPluginJar : add ts
2023-09-08 18:54:24,618 [INFO] IPUIPlugin:80 - create IPUIPlugin
2023-09-08 18:54:24,618 [INFO] PluginManager:220 - loadIPPluginJar : add tsc
2023-09-08 18:54:24,619 [INFO] IPUIPlugin:80 - create IPUIPlugin
2023-09-08 18:54:24,619 [INFO] PluginManager:220 - loadIPPluginJar : add ucpd
2023-09-08 18:54:24,621 [INFO] IPUIPlugin:80 - create IPUIPlugin
2023-09-08 18:54:24,621 [INFO] PluginManager:220 - loadIPPluginJar : add usart
2023-09-08 18:54:24,623 [INFO] IPUIPlugin:80 - create IPUIPlugin
2023-09-08 18:54:24,623 [INFO] PluginManager:220 - loadIPPluginJar : add usbx
2023-09-08 18:54:24,731 [INFO] CADModel:165 - CPN selected for project level
2023-09-08 18:54:24,732 [INFO] CADModel:114 - Register for checkConnection events
2023-09-08 18:54:24,732 [FATAL] Updater:308 - Updater called before beeing initialized
2023-09-08 18:54:24,732 [ERROR] CADModel:125 - Updater not yet initialized, retry later 
2023-09-08 18:54:24,842 [INFO] CADModel:165 - CPN selected for project level
2023-09-08 18:54:24,842 [INFO] CADModel:114 - Register for checkConnection events
2023-09-08 18:54:24,842 [FATAL] Updater:308 - Updater called before beeing initialized
2023-09-08 18:54:24,842 [ERROR] CADModel:125 - Updater not yet initialized, retry later 
2023-09-08 18:54:24,844 [FATAL] Updater:308 - Updater called before beeing initialized
2023-09-08 18:54:24,913 [FATAL] Updater:308 - Updater called before beeing initialized
2023-09-08 18:54:24,919 [INFO] DbMcusAds:53 - JSON generation date=Thu Sep 30 08:55:09 CEST 2021 (1632984909247)
2023-09-08 18:54:24,919 [FATAL] Updater:308 - Updater called before beeing initialized
2023-09-08 18:54:24,947 [WARN] DetailPanel:346 - Failed to get advertising image, set to default
2023-09-08 18:54:25,023 [FATAL] Updater:308 - Updater called before beeing initialized
2023-09-08 18:54:25,024 [FATAL] Updater:308 - Updater called before beeing initialized
2023-09-08 18:54:25,024 [FATAL] Updater:308 - Updater called before beeing initialized
2023-09-08 18:54:25,024 [WARN] DetailPanel:346 - Failed to get advertising image, set to default
2023-09-08 18:54:25,025 [FATAL] Updater:308 - Updater called before beeing initialized
2023-09-08 18:54:25,059 [ERROR] Updater:1120 - MainUpdater not yet initialized. External WinMGr cannot be set.
2023-09-08 18:54:25,061 [INFO] Updater:1056 - Updater Version found : 6.9.1
2023-09-08 18:54:25,076 [INFO] ApplicationProperties:184 - Using Application install path: C:\ST\STM32CubeIDE_1.13.1\STM32CubeIDE\plugins\com.st.stm32cube.common.mx_6.9.1.202307191849
2023-09-08 18:54:25,160 [INFO] MainUpdater:2868 - connection check result : 10
2023-09-08 18:54:25,160 [INFO] MainUpdater:3562 - Updater definition file requires update
2023-09-08 18:54:25,161 [INFO] MainUpdater:285 - Updater Check For Update Now.
2023-09-08 18:54:25,161 [INFO] MicroXplorer:498 - Change Database Version : DB.6.0.91
2023-09-08 18:54:25,168 [INFO] McuFinderGlobals:63 - Set McuFinder mode to 2 (CubeIDE integrated)
2023-09-08 18:54:25,168 [INFO] UserAuth:179 - activating auth plugin
2023-09-08 18:54:25,169 [INFO] UserAuth:393 - Internet connection configuration mode: 1
2023-09-08 18:54:25,180 [INFO] JxBrowserEngine:151 - Initiate JxBrowser Engine with user profile folder
2023-09-08 18:54:25,183 [INFO] ServerAccessManage:473 - Download File updaters.zip
2023-09-08 18:54:25,250 [INFO] FileExtend:240 - Unzip File : updaters.zip
2023-09-08 18:54:25,250 [INFO] FileExtend:255 - Standard Zip Deflate
2023-09-08 18:54:25,473 [INFO] ServerAccessManage:473 - Download File PacksControlFlags.xml
2023-09-08 18:54:25,521 [INFO] ServerAccessManage:473 - Download File cubemx.pidx
2023-09-08 18:54:25,608 [INFO] LoadServerUpdatesThread:373 - End of LoadServerUpdate Thread
2023-09-08 18:54:25,650 [WARN] CheckServerUpdateThread:151 - Open CheckUpdateFile Fail
2023-09-08 18:54:25,781 [INFO] CheckServerUpdateThread:120 - End of CheckServer Thread
2023-09-08 18:54:25,785 [INFO] WebApp:157 - Instantiating new browser for Auth
2023-09-08 18:54:26,199 [INFO] WebApp:753 - Register for checkConnection events
2023-09-08 18:54:26,199 [INFO] WebApp:390 - Apply proxy settings
2023-09-08 18:54:26,199 [INFO] WebApp:475 - Chromium requires no authentication
2023-09-08 18:54:26,205 [INFO] WebApp:418 - Direct internet connection detected
2023-09-08 18:54:26,332 [INFO] WebApp:188 - Starting web application
2023-09-08 18:54:26,332 [INFO] WebApp:520 - Web application path used C:\ST\STM32CubeIDE_1.13.1\STM32CubeIDE\plugins\com.st.stm32cube.common.mx_6.9.1.202307191849\db\plugins\mcufinder\reactClient1\index.html
2023-09-08 18:54:27,253 [WARN] PackLoader:240 - Cannot read IP mode file for STMicroelectronics.X-CUBE-GNSS1.6.0.0
2023-09-08 18:54:27,282 [WARN] PackLoader:240 - Cannot read IP mode file for STMicroelectronics.X-CUBE-AZRTOS-F4.1.1.0
2023-09-08 18:54:27,292 [WARN] PackLoader:240 - Cannot read IP mode file for STMicroelectronics.X-CUBE-SMBUS.2.1.0
2023-09-08 18:54:27,312 [WARN] PackLoader:240 - Cannot read IP mode file for STMicroelectronics.X-CUBE-AZRTOS-F7.1.1.0
2023-09-08 18:54:27,363 [WARN] PackLoader:240 - Cannot read IP mode file for STMicroelectronics.X-CUBE-MEMS1.9.6.0
2023-09-08 18:54:27,495 [WARN] PackLoader:240 - Cannot read IP mode file for STMicroelectronics.FP-SNS-MOTENV1.4.3.2
2023-09-08 18:54:27,502 [WARN] PackLoader:240 - Cannot read IP mode file for STMicroelectronics.X-CUBE-BLEMGR.2.0.0
2023-09-08 18:54:27,516 [WARN] ConditionMgr:438 - getConditionDescription Invalid condition id : UX DEVICE CLASS RTOS Condition cause : null
2023-09-08 18:54:27,516 [WARN] ConditionMgr:438 - getConditionDescription Invalid condition id : UX DEVICE CLASS RTOS Condition cause : null
2023-09-08 18:54:27,519 [WARN] PackLoader:240 - Cannot read IP mode file for STMicroelectronics.X-CUBE-AZRTOS-H7.3.1.0
2023-09-08 18:54:27,520 [WARN] ConditionMgr:1039 - genDependencies : Invalid condition id : UX DEVICE CLASS RTOS Condition cause : null
2023-09-08 18:54:27,520 [WARN] ConditionMgr:1039 - genDependencies : Invalid condition id : UX DEVICE CLASS RTOS Condition cause : null
2023-09-08 18:54:27,520 [WARN] ConditionMgr:1039 - genDependencies : Invalid condition id : UX DEVICE CLASS RTOS Condition cause : null
2023-09-08 18:54:27,521 [WARN] ConditionMgr:1039 - genDependencies : Invalid condition id : UX DEVICE CLASS RTOS Condition cause : null
2023-09-08 18:54:27,521 [WARN] ConditionMgr:1039 - genDependencies : Invalid condition id : UX DEVICE CLASS RTOS Condition cause : null
2023-09-08 18:54:27,528 [WARN] PackLoader:240 - Cannot read IP mode file for STMicroelectronics.X-CUBE-DISPLAY.3.0.0
2023-09-08 18:54:27,534 [WARN] PackLoader:240 - Cannot read IP mode file for STMicroelectronics.X-CUBE-TOUCHGFX.4.22.0
2023-09-08 18:54:27,538 [WARN] PackLoader:240 - Cannot read IP mode file for STMicroelectronics.X-CUBE-NFC7.1.0.1
2023-09-08 18:54:27,542 [WARN] PackLoader:240 - Cannot read IP mode file for STMicroelectronics.X-CUBE-EEPRMA1.4.1.0
2023-09-08 18:54:27,549 [INFO] LogOutputStream:77 - [STDOUT_REDIRECT] 1 : Invalid condition id : UX_CORESTACK_Condition cause : null
2023-09-08 18:54:27,549 [INFO] LogOutputStream:77 - [STDOUT_REDIRECT] 1 : Invalid condition id : UX_CORESTACK_Condition cause : null
2023-09-08 18:54:27,550 [INFO] LogOutputStream:77 - [STDOUT_REDIRECT] 1 : Invalid condition id : UX_CORESTACK_Condition cause : null
2023-09-08 18:54:27,551 [INFO] LogOutputStream:77 - [STDOUT_REDIRECT] 1 : Invalid condition id : UX_CORESTACK_Condition cause : null
2023-09-08 18:54:27,553 [INFO] LogOutputStream:77 - [STDOUT_REDIRECT] 1 : Invalid condition id : UX_CORESTACK_Condition cause : null
2023-09-08 18:54:27,555 [WARN] PackLoader:240 - Cannot read IP mode file for STMicroelectronics.X-CUBE-AZRTOS-WL.2.0.0
2023-09-08 18:54:27,569 [WARN] ConditionMgr:438 - getConditionDescription Invalid condition id : LAN8742 Phy interface Condition cause : null
2023-09-08 18:54:27,570 [WARN] PackLoader:240 - Cannot read IP mode file for STMicroelectronics.X-CUBE-AZRTOS-L4.2.0.0
2023-09-08 18:54:27,570 [WARN] ConditionMgr:1039 - genDependencies : Invalid condition id : LAN8742 Phy interface Condition cause : null
2023-09-08 18:54:27,571 [WARN] ConditionMgr:1039 - genDependencies : Invalid condition id : LAN8742 Phy interface Condition cause : null
2023-09-08 18:54:27,571 [WARN] ConditionMgr:1039 - genDependencies : Invalid condition id : LAN8742 Phy interface Condition cause : null
2023-09-08 18:54:27,576 [WARN] PackLoader:240 - Cannot read IP mode file for STMicroelectronics.X-CUBE-SFXS2LP1.4.0.0
2023-09-08 18:54:27,580 [WARN] PackLoader:240 - Cannot read IP mode file for STMicroelectronics.X-CUBE-BLE2.3.3.0
2023-09-08 18:54:27,584 [WARN] PackLoader:240 - Cannot read IP mode file for STMicroelectronics.X-CUBE-ISPU.1.1.0
2023-09-08 18:54:27,588 [WARN] PackLoader:240 - Cannot read IP mode file for STMicroelectronics.X-CUBE-ALGOBUILD.1.3.0
2023-09-08 18:54:27,600 [WARN] PackLoader:240 - Cannot read IP mode file for STMicroelectronics.X-CUBE-AZRTOS-G0.1.1.0
2023-09-08 18:54:27,609 [WARN] PackLoader:240 - Cannot read IP mode file for STMicroelectronics.X-CUBE-SUBG2.5.0.0
2023-09-08 18:54:27,616 [WARN] PackLoader:240 - Cannot read IP mode file for STMicroelectronics.X-CUBE-NFC4.3.0.0
2023-09-08 18:54:27,627 [WARN] PackLoader:240 - Cannot read IP mode file for STMicroelectronics.X-CUBE-AZRTOS-G4.2.0.0
2023-09-08 18:54:27,631 [WARN] PackLoader:240 - Cannot read IP mode file for STMicroelectronics.FP-ATR-SIGFOX1.3.2.0
2023-09-08 18:54:27,634 [WARN] PackLoader:240 - Cannot read IP mode file for STMicroelectronics.X-CUBE-ALS.1.0.1
2023-09-08 18:54:27,637 [WARN] PackLoader:240 - Cannot read IP mode file for STMicroelectronics.FP-ATR-ASTRA1.2.0.0
2023-09-08 18:54:27,637 [INFO] ThirdParty:978 - Integrity check success = true
2023-09-08 18:54:27,637 [INFO] IntegrityCheckThread:100 - exiting critical section [integrity check]
2023-09-08 18:54:27,637 [INFO] IntegrityCheckThread:103 - End integrity checks thread
2023-09-08 18:54:35,742 [ERROR] AdobePublisher:162 - Exception while opening the connection: java.net.UnknownHostException: stmicroelectronics.d3.sc.omtrdc.net
2023-09-08 18:54:35,742 [ERROR] AdobePublisher:162 - Exception while opening the connection: java.net.UnknownHostException: stmicroelectronics.d3.sc.omtrdc.net
2023-09-08 18:54:35,743 [ERROR] AdobePublisher:162 - Exception while opening the connection: java.net.UnknownHostException: stmicroelectronics.d3.sc.omtrdc.net
2023-09-08 18:54:35,743 [ERROR] AdobePublisher:162 - Exception while opening the connection: java.net.UnknownHostException: stmicroelectronics.d3.sc.omtrdc.net
2023-09-08 18:54:35,744 [ERROR] AdobePublisher:162 - Exception while opening the connection: java.net.UnknownHostException: stmicroelectronics.d3.sc.omtrdc.net
2023-09-08 18:54:46,983 [ERROR] LogOutputStream:75 - [STDERR_REDIRECT] SLF4J: Failed to load class "org.slf4j.impl.StaticLoggerBinder".
2023-09-08 18:54:46,983 [ERROR] LogOutputStream:75 - [STDERR_REDIRECT] SLF4J: Defaulting to no-operation (NOP) logger implementation
2023-09-08 18:54:46,984 [ERROR] LogOutputStream:75 - [STDERR_REDIRECT] SLF4J: See http://www.slf4j.org/codes.html#StaticLoggerBinder for further details.
2023-09-08 19:04:50,590 [ERROR] AdobePublisher:162 - Exception while opening the connection: java.net.UnknownHostException: stmicroelectronics.d3.sc.omtrdc.net
2023-09-08 19:04:50,590 [ERROR] AdobePublisher:162 - Exception while opening the connection: java.net.UnknownHostException: stmicroelectronics.d3.sc.omtrdc.net
2023-09-08 19:04:50,590 [ERROR] AdobePublisher:162 - Exception while opening the connection: java.net.UnknownHostException: stmicroelectronics.d3.sc.omtrdc.net
2023-09-08 19:04:50,590 [ERROR] AdobePublisher:162 - Exception while opening the connection: java.net.UnknownHostException: stmicroelectronics.d3.sc.omtrdc.net
2023-09-08 19:04:50,590 [ERROR] AdobePublisher:162 - Exception while opening the connection: java.net.UnknownHostException: stmicroelectronics.d3.sc.omtrdc.net
2023-09-08 19:04:51,505 [ERROR] AdobePublisher:162 - Exception while opening the connection: java.net.UnknownHostException: stmicroelectronics.d3.sc.omtrdc.net
2023-09-08 19:04:51,505 [ERROR] AdobePublisher:162 - Exception while opening the connection: java.net.UnknownHostException: stmicroelectronics.d3.sc.omtrdc.net
2023-09-08 19:04:51,505 [ERROR] AdobePublisher:162 - Exception while opening the connection: java.net.UnknownHostException: stmicroelectronics.d3.sc.omtrdc.net
2023-09-08 19:04:51,506 [ERROR] AdobePublisher:162 - Exception while opening the connection: java.net.UnknownHostException: stmicroelectronics.d3.sc.omtrdc.net
2023-09-08 19:04:51,506 [ERROR] AdobePublisher:162 - Exception while opening the connection: java.net.UnknownHostException: stmicroelectronics.d3.sc.omtrdc.net
2023-09-08 19:09:22,860 [ERROR] AdobePublisher:162 - Exception while opening the connection: java.net.UnknownHostException: stmicroelectronics.d3.sc.omtrdc.net
2023-09-08 19:09:22,861 [ERROR] AdobePublisher:162 - Exception while opening the connection: java.net.UnknownHostException: stmicroelectronics.d3.sc.omtrdc.net
2023-09-08 19:09:22,861 [ERROR] AdobePublisher:162 - Exception while opening the connection: java.net.UnknownHostException: stmicroelectronics.d3.sc.omtrdc.net
2023-09-08 19:09:22,861 [ERROR] AdobePublisher:162 - Exception while opening the connection: java.net.UnknownHostException: stmicroelectronics.d3.sc.omtrdc.net
2023-09-08 19:09:22,861 [ERROR] AdobePublisher:162 - Exception while opening the connection: java.net.UnknownHostException: stmicroelectronics.d3.sc.omtrdc.net
2023-09-08 20:11:28,022 [ERROR] AdobePublisher:162 - Exception while opening the connection: java.net.UnknownHostException: stmicroelectronics.d3.sc.omtrdc.net
2023-09-08 20:11:28,023 [ERROR] AdobePublisher:162 - Exception while opening the connection: java.net.UnknownHostException: stmicroelectronics.d3.sc.omtrdc.net
2023-09-08 20:11:28,023 [ERROR] AdobePublisher:162 - Exception while opening the connection: java.net.UnknownHostException: stmicroelectronics.d3.sc.omtrdc.net
2023-09-08 20:11:28,023 [ERROR] AdobePublisher:162 - Exception while opening the connection: java.net.UnknownHostException: stmicroelectronics.d3.sc.omtrdc.net
2023-09-08 20:11:28,023 [ERROR] AdobePublisher:162 - Exception while opening the connection: java.net.UnknownHostException: stmicroelectronics.d3.sc.omtrdc.net
2023-09-08 20:11:28,172 [ERROR] AdobePublisher:162 - Exception while opening the connection: java.net.UnknownHostException: stmicroelectronics.d3.sc.omtrdc.net
2023-09-08 20:11:28,172 [ERROR] AdobePublisher:162 - Exception while opening the connection: java.net.UnknownHostException: stmicroelectronics.d3.sc.omtrdc.net
2023-09-08 20:11:28,173 [ERROR] AdobePublisher:162 - Exception while opening the connection: java.net.UnknownHostException: stmicroelectronics.d3.sc.omtrdc.net
2023-09-08 20:11:28,173 [ERROR] AdobePublisher:162 - Exception while opening the connection: java.net.UnknownHostException: stmicroelectronics.d3.sc.omtrdc.net
2023-09-08 20:11:28,173 [ERROR] AdobePublisher:162 - Exception while opening the connection: java.net.UnknownHostException: stmicroelectronics.d3.sc.omtrdc.net
2023-09-08 20:17:25,107 [ERROR] AdobePublisher:162 - Exception while opening the connection: java.net.UnknownHostException: stmicroelectronics.d3.sc.omtrdc.net
2023-09-08 20:17:25,107 [ERROR] AdobePublisher:162 - Exception while opening the connection: java.net.UnknownHostException: stmicroelectronics.d3.sc.omtrdc.net
2023-09-08 20:17:25,107 [ERROR] AdobePublisher:162 - Exception while opening the connection: java.net.UnknownHostException: stmicroelectronics.d3.sc.omtrdc.net
2023-09-08 20:17:25,108 [ERROR] AdobePublisher:162 - Exception while opening the connection: java.net.UnknownHostException: stmicroelectronics.d3.sc.omtrdc.net
2023-09-08 20:17:25,108 [ERROR] AdobePublisher:162 - Exception while opening the connection: java.net.UnknownHostException: stmicroelectronics.d3.sc.omtrdc.net
2023-09-08 20:19:37,665 [ERROR] AdobePublisher:162 - Exception while opening the connection: java.net.UnknownHostException: stmicroelectronics.d3.sc.omtrdc.net
2023-09-08 20:19:37,665 [ERROR] AdobePublisher:162 - Exception while opening the connection: java.net.UnknownHostException: stmicroelectronics.d3.sc.omtrdc.net
2023-09-08 20:19:37,666 [ERROR] AdobePublisher:162 - Exception while opening the connection: java.net.UnknownHostException: stmicroelectronics.d3.sc.omtrdc.net
2023-09-08 20:19:37,666 [ERROR] AdobePublisher:162 - Exception while opening the connection: java.net.UnknownHostException: stmicroelectronics.d3.sc.omtrdc.net
2023-09-08 20:19:37,666 [ERROR] AdobePublisher:162 - Exception while opening the connection: java.net.UnknownHostException: stmicroelectronics.d3.sc.omtrdc.net
2023-09-08 20:19:38,714 [ERROR] AdobePublisher:162 - Exception while opening the connection: java.net.UnknownHostException: stmicroelectronics.d3.sc.omtrdc.net
2023-09-08 20:19:38,714 [ERROR] AdobePublisher:162 - Exception while opening the connection: java.net.UnknownHostException: stmicroelectronics.d3.sc.omtrdc.net
2023-09-08 20:19:38,714 [ERROR] AdobePublisher:162 - Exception while opening the connection: java.net.UnknownHostException: stmicroelectronics.d3.sc.omtrdc.net
2023-09-08 20:19:38,715 [ERROR] AdobePublisher:162 - Exception while opening the connection: java.net.UnknownHostException: stmicroelectronics.d3.sc.omtrdc.net
2023-09-08 20:19:38,715 [ERROR] AdobePublisher:162 - Exception while opening the connection: java.net.UnknownHostException: stmicroelectronics.d3.sc.omtrdc.net
2023-09-08 20:34:27,696 [ERROR] AdobePublisher:162 - Exception while opening the connection: java.net.UnknownHostException: stmicroelectronics.d3.sc.omtrdc.net
2023-09-08 20:34:27,697 [ERROR] AdobePublisher:162 - Exception while opening the connection: java.net.UnknownHostException: stmicroelectronics.d3.sc.omtrdc.net
2023-09-08 20:34:27,697 [ERROR] AdobePublisher:162 - Exception while opening the connection: java.net.UnknownHostException: stmicroelectronics.d3.sc.omtrdc.net
2023-09-08 20:34:27,697 [ERROR] AdobePublisher:162 - Exception while opening the connection: java.net.UnknownHostException: stmicroelectronics.d3.sc.omtrdc.net
2023-09-08 20:34:27,697 [ERROR] AdobePublisher:162 - Exception while opening the connection: java.net.UnknownHostException: stmicroelectronics.d3.sc.omtrdc.net
2023-09-08 20:34:27,817 [ERROR] AdobePublisher:162 - Exception while opening the connection: java.net.UnknownHostException: stmicroelectronics.d3.sc.omtrdc.net
2023-09-08 20:34:27,818 [ERROR] AdobePublisher:162 - Exception while opening the connection: java.net.UnknownHostException: stmicroelectronics.d3.sc.omtrdc.net
2023-09-08 20:34:27,818 [ERROR] AdobePublisher:162 - Exception while opening the connection: java.net.UnknownHostException: stmicroelectronics.d3.sc.omtrdc.net
2023-09-08 20:34:27,818 [ERROR] AdobePublisher:162 - Exception while opening the connection: java.net.UnknownHostException: stmicroelectronics.d3.sc.omtrdc.net
2023-09-08 20:34:27,818 [ERROR] AdobePublisher:162 - Exception while opening the connection: java.net.UnknownHostException: stmicroelectronics.d3.sc.omtrdc.net
2023-09-08 20:35:50,676 [ERROR] AdobePublisher:162 - Exception while opening the connection: java.net.UnknownHostException: stmicroelectronics.d3.sc.omtrdc.net
2023-09-08 20:35:50,676 [ERROR] AdobePublisher:162 - Exception while opening the connection: java.net.UnknownHostException: stmicroelectronics.d3.sc.omtrdc.net
2023-09-08 20:35:50,676 [ERROR] AdobePublisher:162 - Exception while opening the connection: java.net.UnknownHostException: stmicroelectronics.d3.sc.omtrdc.net
2023-09-08 20:35:50,676 [ERROR] AdobePublisher:162 - Exception while opening the connection: java.net.UnknownHostException: stmicroelectronics.d3.sc.omtrdc.net
2023-09-08 20:35:50,677 [ERROR] AdobePublisher:162 - Exception while opening the connection: java.net.UnknownHostException: stmicroelectronics.d3.sc.omtrdc.net
2023-09-08 20:35:50,786 [ERROR] AdobePublisher:162 - Exception while opening the connection: java.net.UnknownHostException: stmicroelectronics.d3.sc.omtrdc.net
2023-09-08 20:35:50,787 [ERROR] AdobePublisher:162 - Exception while opening the connection: java.net.UnknownHostException: stmicroelectronics.d3.sc.omtrdc.net
2023-09-08 20:35:50,787 [ERROR] AdobePublisher:162 - Exception while opening the connection: java.net.UnknownHostException: stmicroelectronics.d3.sc.omtrdc.net
2023-09-08 20:35:50,787 [ERROR] AdobePublisher:162 - Exception while opening the connection: java.net.UnknownHostException: stmicroelectronics.d3.sc.omtrdc.net
2023-09-08 20:35:50,787 [ERROR] AdobePublisher:162 - Exception while opening the connection: java.net.UnknownHostException: stmicroelectronics.d3.sc.omtrdc.net
2023-09-08 20:39:29,218 [ERROR] AdobePublisher:162 - Exception while opening the connection: java.net.UnknownHostException: stmicroelectronics.d3.sc.omtrdc.net
2023-09-08 20:39:29,218 [ERROR] AdobePublisher:162 - Exception while opening the connection: java.net.UnknownHostException: stmicroelectronics.d3.sc.omtrdc.net
2023-09-08 20:39:29,219 [ERROR] AdobePublisher:162 - Exception while opening the connection: java.net.UnknownHostException: stmicroelectronics.d3.sc.omtrdc.net
2023-09-08 20:39:29,219 [ERROR] AdobePublisher:162 - Exception while opening the connection: java.net.UnknownHostException: stmicroelectronics.d3.sc.omtrdc.net
2023-09-08 20:39:29,219 [ERROR] AdobePublisher:162 - Exception while opening the connection: java.net.UnknownHostException: stmicroelectronics.d3.sc.omtrdc.net
2023-09-08 20:39:29,532 [ERROR] AdobePublisher:162 - Exception while opening the connection: java.net.UnknownHostException: stmicroelectronics.d3.sc.omtrdc.net
2023-09-08 20:39:29,532 [ERROR] AdobePublisher:162 - Exception while opening the connection: java.net.UnknownHostException: stmicroelectronics.d3.sc.omtrdc.net
2023-09-08 20:39:29,533 [ERROR] AdobePublisher:162 - Exception while opening the connection: java.net.UnknownHostException: stmicroelectronics.d3.sc.omtrdc.net
2023-09-08 20:39:29,533 [ERROR] AdobePublisher:162 - Exception while opening the connection: java.net.UnknownHostException: stmicroelectronics.d3.sc.omtrdc.net
2023-09-08 20:39:29,533 [ERROR] AdobePublisher:162 - Exception while opening the connection: java.net.UnknownHostException: stmicroelectronics.d3.sc.omtrdc.net
2023-09-08 20:43:16,174 [ERROR] AdobePublisher:162 - Exception while opening the connection: java.net.UnknownHostException: stmicroelectronics.d3.sc.omtrdc.net
2023-09-08 20:43:16,174 [ERROR] AdobePublisher:162 - Exception while opening the connection: java.net.UnknownHostException: stmicroelectronics.d3.sc.omtrdc.net
2023-09-08 20:43:16,174 [ERROR] AdobePublisher:162 - Exception while opening the connection: java.net.UnknownHostException: stmicroelectronics.d3.sc.omtrdc.net
2023-09-08 20:43:16,175 [ERROR] AdobePublisher:162 - Exception while opening the connection: java.net.UnknownHostException: stmicroelectronics.d3.sc.omtrdc.net
2023-09-08 20:43:16,175 [ERROR] AdobePublisher:162 - Exception while opening the connection: java.net.UnknownHostException: stmicroelectronics.d3.sc.omtrdc.net
2023-09-08 20:43:16,306 [ERROR] AdobePublisher:162 - Exception while opening the connection: java.net.UnknownHostException: stmicroelectronics.d3.sc.omtrdc.net
2023-09-08 20:43:16,307 [ERROR] AdobePublisher:162 - Exception while opening the connection: java.net.UnknownHostException: stmicroelectronics.d3.sc.omtrdc.net
2023-09-08 20:43:16,307 [ERROR] AdobePublisher:162 - Exception while opening the connection: java.net.UnknownHostException: stmicroelectronics.d3.sc.omtrdc.net
2023-09-08 20:43:16,307 [ERROR] AdobePublisher:162 - Exception while opening the connection: java.net.UnknownHostException: stmicroelectronics.d3.sc.omtrdc.net
2023-09-08 20:43:16,307 [ERROR] AdobePublisher:162 - Exception while opening the connection: java.net.UnknownHostException: stmicroelectronics.d3.sc.omtrdc.net
2023-09-08 20:49:27,571 [ERROR] AdobePublisher:162 - Exception while opening the connection: java.net.UnknownHostException: stmicroelectronics.d3.sc.omtrdc.net
2023-09-08 20:49:27,572 [ERROR] AdobePublisher:162 - Exception while opening the connection: java.net.UnknownHostException: stmicroelectronics.d3.sc.omtrdc.net
2023-09-08 20:49:27,572 [ERROR] AdobePublisher:162 - Exception while opening the connection: java.net.UnknownHostException: stmicroelectronics.d3.sc.omtrdc.net
2023-09-08 20:49:27,572 [ERROR] AdobePublisher:162 - Exception while opening the connection: java.net.UnknownHostException: stmicroelectronics.d3.sc.omtrdc.net
2023-09-08 20:49:27,572 [ERROR] AdobePublisher:162 - Exception while opening the connection: java.net.UnknownHostException: stmicroelectronics.d3.sc.omtrdc.net
2023-09-08 20:50:18,360 [ERROR] AdobePublisher:162 - Exception while opening the connection: java.net.UnknownHostException: stmicroelectronics.d3.sc.omtrdc.net
2023-09-08 20:50:18,360 [ERROR] AdobePublisher:162 - Exception while opening the connection: java.net.UnknownHostException: stmicroelectronics.d3.sc.omtrdc.net
2023-09-08 20:50:18,361 [ERROR] AdobePublisher:162 - Exception while opening the connection: java.net.UnknownHostException: stmicroelectronics.d3.sc.omtrdc.net
2023-09-08 20:50:18,361 [ERROR] AdobePublisher:162 - Exception while opening the connection: java.net.UnknownHostException: stmicroelectronics.d3.sc.omtrdc.net
2023-09-08 20:50:18,361 [ERROR] AdobePublisher:162 - Exception while opening the connection: java.net.UnknownHostException: stmicroelectronics.d3.sc.omtrdc.net
2023-09-08 20:50:18,524 [ERROR] AdobePublisher:162 - Exception while opening the connection: java.net.UnknownHostException: stmicroelectronics.d3.sc.omtrdc.net
2023-09-08 20:50:18,524 [ERROR] AdobePublisher:162 - Exception while opening the connection: java.net.UnknownHostException: stmicroelectronics.d3.sc.omtrdc.net
2023-09-08 20:50:18,525 [ERROR] AdobePublisher:162 - Exception while opening the connection: java.net.UnknownHostException: stmicroelectronics.d3.sc.omtrdc.net
2023-09-08 20:50:18,525 [ERROR] AdobePublisher:162 - Exception while opening the connection: java.net.UnknownHostException: stmicroelectronics.d3.sc.omtrdc.net
2023-09-08 20:50:18,525 [ERROR] AdobePublisher:162 - Exception while opening the connection: java.net.UnknownHostException: stmicroelectronics.d3.sc.omtrdc.net
2023-09-08 20:56:11,246 [ERROR] AdobePublisher:162 - Exception while opening the connection: java.net.UnknownHostException: stmicroelectronics.d3.sc.omtrdc.net
2023-09-08 20:56:11,247 [ERROR] AdobePublisher:162 - Exception while opening the connection: java.net.UnknownHostException: stmicroelectronics.d3.sc.omtrdc.net
2023-09-08 20:56:11,248 [ERROR] AdobePublisher:162 - Exception while opening the connection: java.net.UnknownHostException: stmicroelectronics.d3.sc.omtrdc.net
2023-09-08 20:56:11,248 [ERROR] AdobePublisher:162 - Exception while opening the connection: java.net.UnknownHostException: stmicroelectronics.d3.sc.omtrdc.net
2023-09-08 20:56:11,248 [ERROR] AdobePublisher:162 - Exception while opening the connection: java.net.UnknownHostException: stmicroelectronics.d3.sc.omtrdc.net
2023-09-08 20:56:11,369 [ERROR] AdobePublisher:162 - Exception while opening the connection: java.net.UnknownHostException: stmicroelectronics.d3.sc.omtrdc.net
2023-09-08 20:56:11,370 [ERROR] AdobePublisher:162 - Exception while opening the connection: java.net.UnknownHostException: stmicroelectronics.d3.sc.omtrdc.net
2023-09-08 20:56:11,370 [ERROR] AdobePublisher:162 - Exception while opening the connection: java.net.UnknownHostException: stmicroelectronics.d3.sc.omtrdc.net
2023-09-08 20:56:11,370 [ERROR] AdobePublisher:162 - Exception while opening the connection: java.net.UnknownHostException: stmicroelectronics.d3.sc.omtrdc.net
2023-09-08 20:56:11,370 [ERROR] AdobePublisher:162 - Exception while opening the connection: java.net.UnknownHostException: stmicroelectronics.d3.sc.omtrdc.net
2023-09-08 20:58:59,481 [ERROR] AdobePublisher:162 - Exception while opening the connection: java.net.UnknownHostException: stmicroelectronics.d3.sc.omtrdc.net
2023-09-08 20:58:59,482 [ERROR] AdobePublisher:162 - Exception while opening the connection: java.net.UnknownHostException: stmicroelectronics.d3.sc.omtrdc.net
2023-09-08 20:58:59,482 [ERROR] AdobePublisher:162 - Exception while opening the connection: java.net.UnknownHostException: stmicroelectronics.d3.sc.omtrdc.net
2023-09-08 20:58:59,482 [ERROR] AdobePublisher:162 - Exception while opening the connection: java.net.UnknownHostException: stmicroelectronics.d3.sc.omtrdc.net
2023-09-08 20:58:59,482 [ERROR] AdobePublisher:162 - Exception while opening the connection: java.net.UnknownHostException: stmicroelectronics.d3.sc.omtrdc.net
2023-09-08 20:58:59,580 [ERROR] AdobePublisher:162 - Exception while opening the connection: java.net.UnknownHostException: stmicroelectronics.d3.sc.omtrdc.net
2023-09-08 20:58:59,580 [ERROR] AdobePublisher:162 - Exception while opening the connection: java.net.UnknownHostException: stmicroelectronics.d3.sc.omtrdc.net
2023-09-08 20:58:59,581 [ERROR] AdobePublisher:162 - Exception while opening the connection: java.net.UnknownHostException: stmicroelectronics.d3.sc.omtrdc.net
2023-09-08 20:58:59,581 [ERROR] AdobePublisher:162 - Exception while opening the connection: java.net.UnknownHostException: stmicroelectronics.d3.sc.omtrdc.net
2023-09-08 20:58:59,581 [ERROR] AdobePublisher:162 - Exception while opening the connection: java.net.UnknownHostException: stmicroelectronics.d3.sc.omtrdc.net
2023-09-08 21:01:43,552 [ERROR] AdobePublisher:162 - Exception while opening the connection: java.net.UnknownHostException: stmicroelectronics.d3.sc.omtrdc.net
2023-09-08 21:01:43,552 [ERROR] AdobePublisher:162 - Exception while opening the connection: java.net.UnknownHostException: stmicroelectronics.d3.sc.omtrdc.net
2023-09-08 21:01:43,552 [ERROR] AdobePublisher:162 - Exception while opening the connection: java.net.UnknownHostException: stmicroelectronics.d3.sc.omtrdc.net
2023-09-08 21:01:43,552 [ERROR] AdobePublisher:162 - Exception while opening the connection: java.net.UnknownHostException: stmicroelectronics.d3.sc.omtrdc.net
2023-09-08 21:01:43,553 [ERROR] AdobePublisher:162 - Exception while opening the connection: java.net.UnknownHostException: stmicroelectronics.d3.sc.omtrdc.net
2023-09-08 21:01:43,654 [ERROR] AdobePublisher:162 - Exception while opening the connection: java.net.UnknownHostException: stmicroelectronics.d3.sc.omtrdc.net
2023-09-08 21:01:43,654 [ERROR] AdobePublisher:162 - Exception while opening the connection: java.net.UnknownHostException: stmicroelectronics.d3.sc.omtrdc.net
2023-09-08 21:01:43,655 [ERROR] AdobePublisher:162 - Exception while opening the connection: java.net.UnknownHostException: stmicroelectronics.d3.sc.omtrdc.net
2023-09-08 21:01:43,655 [ERROR] AdobePublisher:162 - Exception while opening the connection: java.net.UnknownHostException: stmicroelectronics.d3.sc.omtrdc.net
2023-09-08 21:01:43,655 [ERROR] AdobePublisher:162 - Exception while opening the connection: java.net.UnknownHostException: stmicroelectronics.d3.sc.omtrdc.net
2023-09-08 21:03:28,111 [ERROR] AdobePublisher:162 - Exception while opening the connection: java.net.UnknownHostException: stmicroelectronics.d3.sc.omtrdc.net
2023-09-08 21:03:28,111 [ERROR] AdobePublisher:162 - Exception while opening the connection: java.net.UnknownHostException: stmicroelectronics.d3.sc.omtrdc.net
2023-09-08 21:03:28,112 [ERROR] AdobePublisher:162 - Exception while opening the connection: java.net.UnknownHostException: stmicroelectronics.d3.sc.omtrdc.net
2023-09-08 21:03:28,112 [ERROR] AdobePublisher:162 - Exception while opening the connection: java.net.UnknownHostException: stmicroelectronics.d3.sc.omtrdc.net
2023-09-08 21:03:28,112 [ERROR] AdobePublisher:162 - Exception while opening the connection: java.net.UnknownHostException: stmicroelectronics.d3.sc.omtrdc.net
2023-09-08 21:03:28,207 [ERROR] AdobePublisher:162 - Exception while opening the connection: java.net.UnknownHostException: stmicroelectronics.d3.sc.omtrdc.net
2023-09-08 21:03:28,208 [ERROR] AdobePublisher:162 - Exception while opening the connection: java.net.UnknownHostException: stmicroelectronics.d3.sc.omtrdc.net
2023-09-08 21:03:28,208 [ERROR] AdobePublisher:162 - Exception while opening the connection: java.net.UnknownHostException: stmicroelectronics.d3.sc.omtrdc.net
2023-09-08 21:03:28,208 [ERROR] AdobePublisher:162 - Exception while opening the connection: java.net.UnknownHostException: stmicroelectronics.d3.sc.omtrdc.net
2023-09-08 21:03:28,208 [ERROR] AdobePublisher:162 - Exception while opening the connection: java.net.UnknownHostException: stmicroelectronics.d3.sc.omtrdc.net
2023-09-08 21:05:40,540 [ERROR] AdobePublisher:162 - Exception while opening the connection: java.net.UnknownHostException: stmicroelectronics.d3.sc.omtrdc.net
2023-09-08 21:05:40,540 [ERROR] AdobePublisher:162 - Exception while opening the connection: java.net.UnknownHostException: stmicroelectronics.d3.sc.omtrdc.net
2023-09-08 21:05:40,540 [ERROR] AdobePublisher:162 - Exception while opening the connection: java.net.UnknownHostException: stmicroelectronics.d3.sc.omtrdc.net
2023-09-08 21:05:40,540 [ERROR] AdobePublisher:162 - Exception while opening the connection: java.net.UnknownHostException: stmicroelectronics.d3.sc.omtrdc.net
2023-09-08 21:05:40,541 [ERROR] AdobePublisher:162 - Exception while opening the connection: java.net.UnknownHostException: stmicroelectronics.d3.sc.omtrdc.net
2023-09-08 21:05:40,644 [ERROR] AdobePublisher:162 - Exception while opening the connection: java.net.UnknownHostException: stmicroelectronics.d3.sc.omtrdc.net
2023-09-08 21:05:40,645 [ERROR] AdobePublisher:162 - Exception while opening the connection: java.net.UnknownHostException: stmicroelectronics.d3.sc.omtrdc.net
2023-09-08 21:05:40,645 [ERROR] AdobePublisher:162 - Exception while opening the connection: java.net.UnknownHostException: stmicroelectronics.d3.sc.omtrdc.net
2023-09-08 21:05:40,645 [ERROR] AdobePublisher:162 - Exception while opening the connection: java.net.UnknownHostException: stmicroelectronics.d3.sc.omtrdc.net
2023-09-08 21:05:40,645 [ERROR] AdobePublisher:162 - Exception while opening the connection: java.net.UnknownHostException: stmicroelectronics.d3.sc.omtrdc.net
2023-09-08 21:08:34,548 [ERROR] AdobePublisher:162 - Exception while opening the connection: java.net.UnknownHostException: stmicroelectronics.d3.sc.omtrdc.net
2023-09-08 21:08:34,549 [ERROR] AdobePublisher:162 - Exception while opening the connection: java.net.UnknownHostException: stmicroelectronics.d3.sc.omtrdc.net
2023-09-08 21:08:34,549 [ERROR] AdobePublisher:162 - Exception while opening the connection: java.net.UnknownHostException: stmicroelectronics.d3.sc.omtrdc.net
2023-09-08 21:08:34,549 [ERROR] AdobePublisher:162 - Exception while opening the connection: java.net.UnknownHostException: stmicroelectronics.d3.sc.omtrdc.net
2023-09-08 21:08:34,549 [ERROR] AdobePublisher:162 - Exception while opening the connection: java.net.UnknownHostException: stmicroelectronics.d3.sc.omtrdc.net
2023-09-08 21:08:34,679 [ERROR] AdobePublisher:162 - Exception while opening the connection: java.net.UnknownHostException: stmicroelectronics.d3.sc.omtrdc.net
2023-09-08 21:08:34,679 [ERROR] AdobePublisher:162 - Exception while opening the connection: java.net.UnknownHostException: stmicroelectronics.d3.sc.omtrdc.net
2023-09-08 21:08:34,679 [ERROR] AdobePublisher:162 - Exception while opening the connection: java.net.UnknownHostException: stmicroelectronics.d3.sc.omtrdc.net
2023-09-08 21:08:34,680 [ERROR] AdobePublisher:162 - Exception while opening the connection: java.net.UnknownHostException: stmicroelectronics.d3.sc.omtrdc.net
2023-09-08 21:08:34,680 [ERROR] AdobePublisher:162 - Exception while opening the connection: java.net.UnknownHostException: stmicroelectronics.d3.sc.omtrdc.net
2023-09-08 21:13:00,054 [ERROR] AdobePublisher:162 - Exception while opening the connection: java.net.UnknownHostException: stmicroelectronics.d3.sc.omtrdc.net
2023-09-08 21:13:00,055 [ERROR] AdobePublisher:162 - Exception while opening the connection: java.net.UnknownHostException: stmicroelectronics.d3.sc.omtrdc.net
2023-09-08 21:13:00,055 [ERROR] AdobePublisher:162 - Exception while opening the connection: java.net.UnknownHostException: stmicroelectronics.d3.sc.omtrdc.net
2023-09-08 21:13:00,055 [ERROR] AdobePublisher:162 - Exception while opening the connection: java.net.UnknownHostException: stmicroelectronics.d3.sc.omtrdc.net
2023-09-08 21:13:00,056 [ERROR] AdobePublisher:162 - Exception while opening the connection: java.net.UnknownHostException: stmicroelectronics.d3.sc.omtrdc.net
2023-09-08 21:13:00,174 [ERROR] AdobePublisher:162 - Exception while opening the connection: java.net.UnknownHostException: stmicroelectronics.d3.sc.omtrdc.net
2023-09-08 21:13:00,174 [ERROR] AdobePublisher:162 - Exception while opening the connection: java.net.UnknownHostException: stmicroelectronics.d3.sc.omtrdc.net
2023-09-08 21:13:00,174 [ERROR] AdobePublisher:162 - Exception while opening the connection: java.net.UnknownHostException: stmicroelectronics.d3.sc.omtrdc.net
2023-09-08 21:13:00,174 [ERROR] AdobePublisher:162 - Exception while opening the connection: java.net.UnknownHostException: stmicroelectronics.d3.sc.omtrdc.net
2023-09-08 21:13:00,174 [ERROR] AdobePublisher:162 - Exception while opening the connection: java.net.UnknownHostException: stmicroelectronics.d3.sc.omtrdc.net
2023-09-08 21:14:51,376 [ERROR] AdobePublisher:162 - Exception while opening the connection: java.net.UnknownHostException: stmicroelectronics.d3.sc.omtrdc.net
2023-09-08 21:14:51,376 [ERROR] AdobePublisher:162 - Exception while opening the connection: java.net.UnknownHostException: stmicroelectronics.d3.sc.omtrdc.net
2023-09-08 21:14:51,376 [ERROR] AdobePublisher:162 - Exception while opening the connection: java.net.UnknownHostException: stmicroelectronics.d3.sc.omtrdc.net
2023-09-08 21:14:51,376 [ERROR] AdobePublisher:162 - Exception while opening the connection: java.net.UnknownHostException: stmicroelectronics.d3.sc.omtrdc.net
2023-09-08 21:14:51,377 [ERROR] AdobePublisher:162 - Exception while opening the connection: java.net.UnknownHostException: stmicroelectronics.d3.sc.omtrdc.net
2023-09-08 21:14:51,534 [ERROR] AdobePublisher:162 - Exception while opening the connection: java.net.UnknownHostException: stmicroelectronics.d3.sc.omtrdc.net
2023-09-08 21:14:51,534 [ERROR] AdobePublisher:162 - Exception while opening the connection: java.net.UnknownHostException: stmicroelectronics.d3.sc.omtrdc.net
2023-09-08 21:14:51,534 [ERROR] AdobePublisher:162 - Exception while opening the connection: java.net.UnknownHostException: stmicroelectronics.d3.sc.omtrdc.net
2023-09-08 21:14:51,534 [ERROR] AdobePublisher:162 - Exception while opening the connection: java.net.UnknownHostException: stmicroelectronics.d3.sc.omtrdc.net
2023-09-08 21:14:51,535 [ERROR] AdobePublisher:162 - Exception while opening the connection: java.net.UnknownHostException: stmicroelectronics.d3.sc.omtrdc.net
2023-09-08 21:17:17,620 [ERROR] AdobePublisher:162 - Exception while opening the connection: java.net.UnknownHostException: stmicroelectronics.d3.sc.omtrdc.net
2023-09-08 21:17:17,620 [ERROR] AdobePublisher:162 - Exception while opening the connection: java.net.UnknownHostException: stmicroelectronics.d3.sc.omtrdc.net
2023-09-08 21:17:17,621 [ERROR] AdobePublisher:162 - Exception while opening the connection: java.net.UnknownHostException: stmicroelectronics.d3.sc.omtrdc.net
2023-09-08 21:17:17,621 [ERROR] AdobePublisher:162 - Exception while opening the connection: java.net.UnknownHostException: stmicroelectronics.d3.sc.omtrdc.net
2023-09-08 21:17:17,621 [ERROR] AdobePublisher:162 - Exception while opening the connection: java.net.UnknownHostException: stmicroelectronics.d3.sc.omtrdc.net
2023-09-08 21:17:17,737 [ERROR] AdobePublisher:162 - Exception while opening the connection: java.net.UnknownHostException: stmicroelectronics.d3.sc.omtrdc.net
2023-09-08 21:17:17,737 [ERROR] AdobePublisher:162 - Exception while opening the connection: java.net.UnknownHostException: stmicroelectronics.d3.sc.omtrdc.net
2023-09-08 21:17:17,738 [ERROR] AdobePublisher:162 - Exception while opening the connection: java.net.UnknownHostException: stmicroelectronics.d3.sc.omtrdc.net
2023-09-08 21:17:17,738 [ERROR] AdobePublisher:162 - Exception while opening the connection: java.net.UnknownHostException: stmicroelectronics.d3.sc.omtrdc.net
2023-09-08 21:17:17,738 [ERROR] AdobePublisher:162 - Exception while opening the connection: java.net.UnknownHostException: stmicroelectronics.d3.sc.omtrdc.net
2023-09-08 21:18:46,076 [ERROR] AdobePublisher:162 - Exception while opening the connection: java.net.UnknownHostException: stmicroelectronics.d3.sc.omtrdc.net
2023-09-08 21:18:46,076 [ERROR] AdobePublisher:162 - Exception while opening the connection: java.net.UnknownHostException: stmicroelectronics.d3.sc.omtrdc.net
2023-09-08 21:18:46,076 [ERROR] AdobePublisher:162 - Exception while opening the connection: java.net.UnknownHostException: stmicroelectronics.d3.sc.omtrdc.net
2023-09-08 21:18:46,076 [ERROR] AdobePublisher:162 - Exception while opening the connection: java.net.UnknownHostException: stmicroelectronics.d3.sc.omtrdc.net
2023-09-08 21:18:46,076 [ERROR] AdobePublisher:162 - Exception while opening the connection: java.net.UnknownHostException: stmicroelectronics.d3.sc.omtrdc.net
2023-09-08 21:18:46,245 [ERROR] AdobePublisher:162 - Exception while opening the connection: java.net.UnknownHostException: stmicroelectronics.d3.sc.omtrdc.net
2023-09-08 21:18:46,245 [ERROR] AdobePublisher:162 - Exception while opening the connection: java.net.UnknownHostException: stmicroelectronics.d3.sc.omtrdc.net
2023-09-08 21:18:46,245 [ERROR] AdobePublisher:162 - Exception while opening the connection: java.net.UnknownHostException: stmicroelectronics.d3.sc.omtrdc.net
2023-09-08 21:18:46,245 [ERROR] AdobePublisher:162 - Exception while opening the connection: java.net.UnknownHostException: stmicroelectronics.d3.sc.omtrdc.net
2023-09-08 21:18:46,245 [ERROR] AdobePublisher:162 - Exception while opening the connection: java.net.UnknownHostException: stmicroelectronics.d3.sc.omtrdc.net
2023-09-08 21:20:35,259 [ERROR] AdobePublisher:162 - Exception while opening the connection: java.net.UnknownHostException: stmicroelectronics.d3.sc.omtrdc.net
2023-09-08 21:20:35,259 [ERROR] AdobePublisher:162 - Exception while opening the connection: java.net.UnknownHostException: stmicroelectronics.d3.sc.omtrdc.net
2023-09-08 21:20:35,259 [ERROR] AdobePublisher:162 - Exception while opening the connection: java.net.UnknownHostException: stmicroelectronics.d3.sc.omtrdc.net
2023-09-08 21:20:35,259 [ERROR] AdobePublisher:162 - Exception while opening the connection: java.net.UnknownHostException: stmicroelectronics.d3.sc.omtrdc.net
2023-09-08 21:20:35,260 [ERROR] AdobePublisher:162 - Exception while opening the connection: java.net.UnknownHostException: stmicroelectronics.d3.sc.omtrdc.net
2023-09-08 21:20:35,353 [ERROR] AdobePublisher:162 - Exception while opening the connection: java.net.UnknownHostException: stmicroelectronics.d3.sc.omtrdc.net
2023-09-08 21:20:35,353 [ERROR] AdobePublisher:162 - Exception while opening the connection: java.net.UnknownHostException: stmicroelectronics.d3.sc.omtrdc.net
2023-09-08 21:20:35,353 [ERROR] AdobePublisher:162 - Exception while opening the connection: java.net.UnknownHostException: stmicroelectronics.d3.sc.omtrdc.net
2023-09-08 21:20:35,353 [ERROR] AdobePublisher:162 - Exception while opening the connection: java.net.UnknownHostException: stmicroelectronics.d3.sc.omtrdc.net
2023-09-08 21:20:35,354 [ERROR] AdobePublisher:162 - Exception while opening the connection: java.net.UnknownHostException: stmicroelectronics.d3.sc.omtrdc.net
2023-09-08 21:22:18,949 [ERROR] AdobePublisher:162 - Exception while opening the connection: java.net.UnknownHostException: stmicroelectronics.d3.sc.omtrdc.net
2023-09-08 21:22:18,950 [ERROR] AdobePublisher:162 - Exception while opening the connection: java.net.UnknownHostException: stmicroelectronics.d3.sc.omtrdc.net
2023-09-08 21:22:18,950 [ERROR] AdobePublisher:162 - Exception while opening the connection: java.net.UnknownHostException: stmicroelectronics.d3.sc.omtrdc.net
2023-09-08 21:22:18,950 [ERROR] AdobePublisher:162 - Exception while opening the connection: java.net.UnknownHostException: stmicroelectronics.d3.sc.omtrdc.net
2023-09-08 21:22:18,950 [ERROR] AdobePublisher:162 - Exception while opening the connection: java.net.UnknownHostException: stmicroelectronics.d3.sc.omtrdc.net
2023-09-08 21:22:19,216 [ERROR] AdobePublisher:162 - Exception while opening the connection: java.net.UnknownHostException: stmicroelectronics.d3.sc.omtrdc.net
2023-09-08 21:22:19,216 [ERROR] AdobePublisher:162 - Exception while opening the connection: java.net.UnknownHostException: stmicroelectronics.d3.sc.omtrdc.net
2023-09-08 21:22:19,216 [ERROR] AdobePublisher:162 - Exception while opening the connection: java.net.UnknownHostException: stmicroelectronics.d3.sc.omtrdc.net
2023-09-08 21:22:19,217 [ERROR] AdobePublisher:162 - Exception while opening the connection: java.net.UnknownHostException: stmicroelectronics.d3.sc.omtrdc.net
2023-09-08 21:22:19,217 [ERROR] AdobePublisher:162 - Exception while opening the connection: java.net.UnknownHostException: stmicroelectronics.d3.sc.omtrdc.net
2023-09-08 21:24:25,469 [ERROR] AdobePublisher:162 - Exception while opening the connection: java.net.UnknownHostException: stmicroelectronics.d3.sc.omtrdc.net
2023-09-08 21:24:25,469 [ERROR] AdobePublisher:162 - Exception while opening the connection: java.net.UnknownHostException: stmicroelectronics.d3.sc.omtrdc.net
2023-09-08 21:24:25,470 [ERROR] AdobePublisher:162 - Exception while opening the connection: java.net.UnknownHostException: stmicroelectronics.d3.sc.omtrdc.net
2023-09-08 21:24:25,470 [ERROR] AdobePublisher:162 - Exception while opening the connection: java.net.UnknownHostException: stmicroelectronics.d3.sc.omtrdc.net
2023-09-08 21:24:25,470 [ERROR] AdobePublisher:162 - Exception while opening the connection: java.net.UnknownHostException: stmicroelectronics.d3.sc.omtrdc.net
2023-09-08 21:24:25,570 [ERROR] AdobePublisher:162 - Exception while opening the connection: java.net.UnknownHostException: stmicroelectronics.d3.sc.omtrdc.net
2023-09-08 21:24:25,571 [ERROR] AdobePublisher:162 - Exception while opening the connection: java.net.UnknownHostException: stmicroelectronics.d3.sc.omtrdc.net
2023-09-08 21:24:25,571 [ERROR] AdobePublisher:162 - Exception while opening the connection: java.net.UnknownHostException: stmicroelectronics.d3.sc.omtrdc.net
2023-09-08 21:24:25,571 [ERROR] AdobePublisher:162 - Exception while opening the connection: java.net.UnknownHostException: stmicroelectronics.d3.sc.omtrdc.net
2023-09-08 21:24:25,571 [ERROR] AdobePublisher:162 - Exception while opening the connection: java.net.UnknownHostException: stmicroelectronics.d3.sc.omtrdc.net
2023-09-08 21:26:55,222 [ERROR] AdobePublisher:162 - Exception while opening the connection: java.net.UnknownHostException: stmicroelectronics.d3.sc.omtrdc.net
2023-09-08 21:26:55,222 [ERROR] AdobePublisher:162 - Exception while opening the connection: java.net.UnknownHostException: stmicroelectronics.d3.sc.omtrdc.net
2023-09-08 21:26:55,222 [ERROR] AdobePublisher:162 - Exception while opening the connection: java.net.UnknownHostException: stmicroelectronics.d3.sc.omtrdc.net
2023-09-08 21:26:55,222 [ERROR] AdobePublisher:162 - Exception while opening the connection: java.net.UnknownHostException: stmicroelectronics.d3.sc.omtrdc.net
2023-09-08 21:26:55,222 [ERROR] AdobePublisher:162 - Exception while opening the connection: java.net.UnknownHostException: stmicroelectronics.d3.sc.omtrdc.net
2023-09-08 21:26:55,317 [ERROR] AdobePublisher:162 - Exception while opening the connection: java.net.UnknownHostException: stmicroelectronics.d3.sc.omtrdc.net
2023-09-08 21:26:55,317 [ERROR] AdobePublisher:162 - Exception while opening the connection: java.net.UnknownHostException: stmicroelectronics.d3.sc.omtrdc.net
2023-09-08 21:26:55,318 [ERROR] AdobePublisher:162 - Exception while opening the connection: java.net.UnknownHostException: stmicroelectronics.d3.sc.omtrdc.net
2023-09-08 21:26:55,318 [ERROR] AdobePublisher:162 - Exception while opening the connection: java.net.UnknownHostException: stmicroelectronics.d3.sc.omtrdc.net
2023-09-08 21:26:55,318 [ERROR] AdobePublisher:162 - Exception while opening the connection: java.net.UnknownHostException: stmicroelectronics.d3.sc.omtrdc.net
